0 info it worked if it ends with ok
1 verbose cli [ 'C:\\Program Files\\nodejs\\node.exe',
1 verbose cli   'C:\\Program Files\\nodejs\\node_modules\\npm\\bin\\npm-cli.js',
1 verbose cli   'start' ]
2 info using npm@3.10.9
3 info using node@v6.9.2
4 verbose run-script [ 'prestart', 'start', 'poststart' ]
5 info lifecycle rs.nodejs-template@0.1.1~prestart: rs.nodejs-template@0.1.1
6 silly lifecycle rs.nodejs-template@0.1.1~prestart: no script for prestart, continuing
7 info lifecycle rs.nodejs-template@0.1.1~start: rs.nodejs-template@0.1.1
8 verbose lifecycle rs.nodejs-template@0.1.1~start: unsafe-perm in lifecycle true
9 verbose lifecycle rs.nodejs-template@0.1.1~start: PATH: C:\Program Files\nodejs\node_modules\npm\bin\node-gyp-bin;E:\mongo\edushala\node_modules\.bin;C:\Program Files (x86)\AMD APP\bin\x86_64;C:\Program Files (x86)\AMD APP\bin\x86;C:\Windows\system32;C:\Windows;C:\Windows\System32\Wbem;C:\Windows\System32\WindowsPowerShell\v1.0\;E:\Program Files (x86)\QuickTime\QTSystem\;C:\Program Files (x86)\ATI Technologies\ATI.ACE\Core-Static;C:\wamp\bin\php\php5.4.3;C:\wamp\bin\php\php5.5.12;C:\adb;C:\WINDOWS\system32;C:\WINDOWS;C:\WINDOWS\System32\Wbem;C:\WINDOWS\System32\WindowsPowerShell\v1.0\;C:\Program Files (x86)\Common Files\Ulead Systems\MPEG;E:\xampp\php;WP;mysql;C:\Program Files\Microsoft\Web Platform Installer\;C:\Program Files (x86)\Microsoft ASP.NET\ASP.NET Web Pages\v1.0\;C:\Program Files\Microsoft SQL Server\110\Tools\Binn\;C:\Program Files\Microsoft SQL Server\110\DTS\Binn\;C:\Program Files (x86)\Microsoft SQL Server\110\Tools\Binn\;C:\Program Files (x86)\Microsoft SQL Server\110\Tools\Binn\ManagementStudio\;C:\Program Files (x86)\Microsoft Visual Studio 10.0\Common7\IDE\PrivateAssemblies\;C:\Program Files (x86)\Microsoft SQL Server\110\DTS\Binn\;C:\Program Files (x86)\Skype\Phone\;C:\Program Files\nodejs\;C:\Program Files\Git\cmd;C:\Users\Hero\AppData\Local\Microsoft\WindowsApps;C:\Users\Hero\AppData\Roaming\npm;C:\Program Files\Heroku\bin
10 verbose lifecycle rs.nodejs-template@0.1.1~start: CWD: E:\mongo\edushala
11 silly lifecycle rs.nodejs-template@0.1.1~start: Args: [ '/d /s /c', 'nodemon app.js' ]
12 silly lifecycle rs.nodejs-template@0.1.1~start: Returned: code: 1  signal: null
13 info lifecycle rs.nodejs-template@0.1.1~start: Failed to exec start script
14 verbose stack Error: rs.nodejs-template@0.1.1 start: `nodemon app.js`
14 verbose stack Exit status 1
14 verbose stack     at EventEmitter.<anonymous> (C:\Program Files\nodejs\node_modules\npm\lib\utils\lifecycle.js:255:16)
14 verbose stack     at emitTwo (events.js:106:13)
14 verbose stack     at EventEmitter.emit (events.js:191:7)
14 verbose stack     at ChildProcess.<anonymous> (C:\Program Files\nodejs\node_modules\npm\lib\utils\spawn.js:40:14)
14 verbose stack     at emitTwo (events.js:106:13)
14 verbose stack     at ChildProcess.emit (events.js:191:7)
14 verbose stack     at maybeClose (internal/child_process.js:877:16)
14 verbose stack     at Process.ChildProcess._handle.onexit (internal/child_process.js:226:5)
15 verbose pkgid rs.nodejs-template@0.1.1
16 verbose cwd E:\mongo\edushala
17 error Windows_NT 10.0.14393
18 error argv "C:\\Program Files\\nodejs\\node.exe" "C:\\Program Files\\nodejs\\node_modules\\npm\\bin\\npm-cli.js" "start"
19 error node v6.9.2
20 error npm  v3.10.9
21 error code ELIFECYCLE
22 error rs.nodejs-template@0.1.1 start: `nodemon app.js`
22 error Exit status 1
23 error Failed at the rs.nodejs-template@0.1.1 start script 'nodemon app.js'.
23 error Make sure you have the latest version of node.js and npm installed.
23 error If you do, this is most likely a problem with the rs.nodejs-template package,
23 error not with npm itself.
23 error Tell the author that this fails on your system:
23 error     nodemon app.js
23 error You can get information on how to open an issue for this project with:
23 error     npm bugs rs.nodejs-template
23 error Or if that isn't available, you can get their info via:
23 error     npm owner ls rs.nodejs-template
23 error There is likely additional logging output above.
24 verbose exit [ 1, true ]
